d:\aayush_joshi_workspace\aayush_joshi\voxelization\voxelization\x64\debug\voxelization.pch
d:\aayush_joshi_workspace\aayush_joshi\voxelization\voxelization\x64\debug\vc143.pdb
d:\aayush_joshi_workspace\aayush_joshi\voxelization\voxelization\x64\debug\vc143.idb
d:\aayush_joshi_workspace\aayush_joshi\voxelization\voxelization\x64\debug\stdafx.obj
d:\aayush_joshi_workspace\aayush_joshi\voxelization\voxelization\x64\debug\stlreader.obj
d:\aayush_joshi_workspace\aayush_joshi\voxelization\voxelization\x64\debug\point3d.obj
d:\aayush_joshi_workspace\aayush_joshi\voxelization\voxelization\x64\debug\openglwindow.obj
d:\aayush_joshi_workspace\aayush_joshi\voxelization\voxelization\x64\debug\voxelizer.obj
d:\aayush_joshi_workspace\aayush_joshi\voxelization\voxelization\x64\debug\geomcontainer.obj
d:\aayush_joshi_workspace\aayush_joshi\voxelization\voxelization\x64\debug\triangle.obj
d:\aayush_joshi_workspace\aayush_joshi\voxelization\voxelization\x64\debug\qrc_voxelization.obj
d:\aayush_joshi_workspace\aayush_joshi\voxelization\voxelization\x64\debug\moc_visualizer.obj
d:\aayush_joshi_workspace\aayush_joshi\voxelization\voxelization\x64\debug\moc_openglwindow.obj
d:\aayush_joshi_workspace\aayush_joshi\voxelization\voxelization\x64\debug\visualizer.obj
d:\aayush_joshi_workspace\aayush_joshi\voxelization\voxelization\x64\debug\main.obj
d:\aayush_joshi_workspace\aayush_joshi\voxelization\x64\debug\voxelization.exe
d:\aayush_joshi_workspace\aayush_joshi\voxelization\x64\debug\voxelization.pdb
d:\aayush_joshi_workspace\aayush_joshi\voxelization\voxelization\x64\debug\moc\moc_visualizer.cpp
d:\aayush_joshi_workspace\aayush_joshi\voxelization\voxelization\x64\debug\rcc\qrc_voxelization.cpp
d:\aayush_joshi_workspace\aayush_joshi\voxelization\voxelization\x64\debug\uic\ui_voxelization.h
d:\aayush_joshi_workspace\aayush_joshi\voxelization\voxelization\x64\debug\moc\moc_openglwindow.cpp
d:\aayush_joshi_workspace\aayush_joshi\voxelization\x64\debug\voxelization.ilk
d:\aayush_joshi_workspace\aayush_joshi\voxelization\voxelization\x64\debug\voxelization.tlog\cl.command.1.tlog
d:\aayush_joshi_workspace\aayush_joshi\voxelization\voxelization\x64\debug\voxelization.tlog\cl.items.tlog
d:\aayush_joshi_workspace\aayush_joshi\voxelization\voxelization\x64\debug\voxelization.tlog\cl.read.1.tlog
d:\aayush_joshi_workspace\aayush_joshi\voxelization\voxelization\x64\debug\voxelization.tlog\cl.write.1.tlog
d:\aayush_joshi_workspace\aayush_joshi\voxelization\voxelization\x64\debug\voxelization.tlog\link.command.1.tlog
d:\aayush_joshi_workspace\aayush_joshi\voxelization\voxelization\x64\debug\voxelization.tlog\link.read.1.tlog
d:\aayush_joshi_workspace\aayush_joshi\voxelization\voxelization\x64\debug\voxelization.tlog\link.secondary.1.tlog
d:\aayush_joshi_workspace\aayush_joshi\voxelization\voxelization\x64\debug\voxelization.tlog\link.write.1.tlog
d:\aayush_joshi_workspace\aayush_joshi\voxelization\voxelization\x64\debug\voxelization.tlog\moc.read.1u.tlog
d:\aayush_joshi_workspace\aayush_joshi\voxelization\voxelization\x64\debug\voxelization.tlog\moc.write.1u.tlog
d:\aayush_joshi_workspace\aayush_joshi\voxelization\voxelization\x64\debug\voxelization.tlog\rcc.read.1u.tlog
d:\aayush_joshi_workspace\aayush_joshi\voxelization\voxelization\x64\debug\voxelization.tlog\rcc.write.1u.tlog
d:\aayush_joshi_workspace\aayush_joshi\voxelization\voxelization\x64\debug\voxelization.tlog\uic.read.1u.tlog
d:\aayush_joshi_workspace\aayush_joshi\voxelization\voxelization\x64\debug\voxelization.tlog\uic.write.1u.tlog
d:\aayush_joshi_workspace\aayush_joshi\voxelization\voxelization\x64\debug\voxelization.tlog\voxelization.write.1u.tlog
